<?xml version="1.0" encoding="UTF-8"?>
<testsuite name="ru.netology.unit.CashbackHackServiceTest" tests="1" skipped="0" failures="0" errors="0" timestamp="2019-12-10T20:25:12" hostname="BosovaN" time="0.081">
  <properties/>
  <testcase name="shouldReturn1000IfAmountIs0()" classname="ru.netology.unit.CashbackHackServiceTest" time="0.081"/>
  <system-out><![CDATA[]]></system-out>
  <system-err><![CDATA[]]></system-err>
</testsuite>
